0 verbose cli C:\Program Files\nodejs\node.exe C:\Program Files\nodejs\node_modules\npm\bin\npm-cli.js
1 info using npm@10.2.4
2 info using node@v21.6.0
3 timing npm:load:whichnode Completed in 5ms
4 timing config:load:defaults Completed in 7ms
5 timing config:load:file:C:\Program Files\nodejs\node_modules\npm\npmrc Completed in 14ms
6 timing config:load:builtin Completed in 14ms
7 timing config:load:cli Completed in 5ms
8 timing config:load:env Completed in 2ms
9 timing config:load:file:C:\Users\Udit Sharma\Desktop\gym-website\myproject\gymweb\.npmrc Completed in 1ms
10 timing config:load:project Completed in 8ms
11 timing config:load:file:C:\Users\Udit Sharma\.npmrc Completed in 2ms
12 timing config:load:user Completed in 2ms
13 timing config:load:file:C:\Users\Udit Sharma\AppData\Roaming\npm\etc\npmrc Completed in 1ms
14 timing config:load:global Completed in 1ms
15 timing config:load:setEnvs Completed in 2ms
16 timing config:load Completed in 46ms
17 timing npm:load:configload Completed in 46ms
18 timing config:load:flatten Completed in 16ms
19 timing npm:load:mkdirpcache Completed in 1ms
20 timing npm:load:mkdirplogs Completed in 5ms
21 verbose title npm start
22 verbose argv "start"
23 timing npm:load:setTitle Completed in 8ms
24 timing npm:load:display Completed in 1ms
25 verbose logfile logs-max:10 dir:C:\Users\Udit Sharma\Desktop\gym-website\myproject\gymweb\src\_logs\2024-02-24T17_16_00_880Z-
26 verbose logfile C:\Users\Udit Sharma\Desktop\gym-website\myproject\gymweb\src\_logs\2024-02-24T17_16_00_880Z-debug-0.log
27 timing npm:load:logFile Completed in 41ms
28 timing npm:load:timers Completed in 0ms
29 timing npm:load:configScope Completed in 0ms
30 timing npm:load Completed in 259ms
31 silly logfile start cleaning logs, removing 3 files
32 silly logfile error removing log file C:\Users\Udit Sharma\Desktop\gym-website\myproject\gymweb\src\_logs\2024-02-24T17_11_14_289Z-debug-0.log [Error: EPERM: operation not permitted, lstat 'C:\Users\Udit Sharma\Desktop\gym-website\myproject\gymweb\src\_logs\2024-02-24T17_11_14_289Z-debug-0.log'] {
32 silly logfile   errno: -4048,
32 silly logfile   code: 'EPERM',
32 silly logfile   syscall: 'lstat',
32 silly logfile   path: 'C:\\Users\\Udit Sharma\\Desktop\\gym-website\\myproject\\gymweb\\src\\_logs\\2024-02-24T17_11_14_289Z-debug-0.log'
32 silly logfile }
33 silly logfile done cleaning log files
